Compiling and testing typescript...

core/templates/app-events/event-bus.service.spec.ts(60,8): error TS7006: Parameter 'f' implicitly has an 'any' type.

core/templates/app-events/event-bus.service.spec.ts(85,10): error TS7006: Parameter 'f' implicitly has an 'any' type.

core/templates/components/button-directives/create-activity-button.component.spec.ts(195,9): error TS2739: Type '{ replace: (val: string) => void; }' is missing the following properties from type '{ _href: string; href: string; replace: (val: string) => void; }': _href, href

core/templates/components/checkpoint-celebration-modal/checkpoint-celebration-modal.component.spec.ts(544,7): error TS2345: Argument of type '{ CheckpointCelebration: { isEnabled: false; }; }' is not assignable to parameter of type 'FeatureStatusChecker'.

  Type '{ CheckpointCelebration: { isEnabled: false; }; }' is missing the following properties from type 'FeatureStatusChecker': DummyFeature, EndChapterCelebration, ContributorDashboardAccomplishments, AndroidBetaLandingPage, BlogPages

core/templates/components/checkpoint-celebration-modal/checkpoint-celebration-modal.component.spec.ts(744,7): error TS2345: Argument of type '{ CheckpointCelebration: { isEnabled: false; }; }' is not assignable to parameter of type 'FeatureStatusChecker'.

  Type '{ CheckpointCelebration: { isEnabled: false; }; }' is missing the following properties from type 'FeatureStatusChecker': DummyFeature, EndChapterCelebration, ContributorDashboardAccomplishments, AndroidBetaLandingPage, BlogPages

core/templates/components/code-mirror/codemirror-mergeview.component.spec.ts(45,62): error TS2345: Argument of type '{}' is not assignable to parameter of type 'Window'.

  Type '{}' is missing the following properties from type 'Window': applicationCache, clientInformation, closed, customElements, and 235 more.

core/templates/components/code-mirror/codemirror-mergeview.component.spec.ts(72,7): error TS2345: Argument of type '{ CodeMirror: { MergeView: () => { editor: () => { setValue: jasmine.Spy<jasmine.Func>; }; rightOriginal: () => { setValue: jasmine.Spy<jasmine.Func>; }; }; }; }' is not assignable to parameter of type 'Window'.

  Object literal may only specify known properties, and 'CodeMirror' does not exist in type 'Window'.

core/templates/components/code-mirror/codemirror-mergeview.component.spec.ts(116,7): error TS2345: Argument of type '{ CodeMirror: { MergeView: () => { editor: () => { setValue: jasmine.Spy<jasmine.Func>; }; rightOriginal: () => { setValue: jasmine.Spy<jasmine.Func>; }; }; }; }' is not assignable to parameter of type 'Window'.

  Object literal may only specify known properties, and 'CodeMirror' does not exist in type 'Window'.

core/templates/components/entity-creation-services/collection-creation.service.spec.ts(64,9): error TS2740: Type '{ href: string; }' is missing the following properties from type 'Location': ancestorOrigins, hash, host, hostname, and 8 more.

core/templates/components/entity-creation-services/collection-creation.service.spec.ts(119,9): error TS2740: Type '{ href: string; }' is missing the following properties from type 'Location': ancestorOrigins, hash, host, hostname, and 8 more.

core/templates/components/forms/custom-forms-directives/image-uploader.component.spec.ts(316,69): error TS2345: Argument of type '{ addEventListener: (eventname: string, callback: () => {}) => void; }' is not assignable to parameter of type 'Window'.

  Type '{ addEventListener: (eventname: string, callback: () => {}) => void; }' is missing the following properties from type 'Window': applicationCache, clientInformation, closed, customElements, and 234 more.

core/templates/components/state-editor/state-interaction-editor/state-interaction-editor.component.ts(75,3): error TS2564: Property 'customizationModalReopened' has no initializer and is not definitely assigned in the constructor.

core/templates/components/state-editor/state-interaction-editor/state-interaction-editor.component.ts(76,3): error TS2564: Property 'DEFAULT_TERMINAL_STATE_CONTENT' has no initializer and is not definitely assigned in the constructor.

core/templates/components/state-editor/state-interaction-editor/state-interaction-editor.component.ts(78,3): error TS2564: Property 'hasLoaded' has no initializer and is not definitely assigned in the constructor.

core/templates/components/state-editor/state-interaction-editor/state-interaction-editor.component.ts(79,3): error TS2564: Property 'interactionEditorIsShown' has no initializer and is not definitely assigned in the constructor.

core/templates/components/state-editor/state-interaction-editor/state-interaction-editor.component.ts(80,3): error TS2564: Property 'interactionId' has no initializer and is not definitely assigned in the constructor.

core/templates/components/state-editor/state-interaction-editor/state-interaction-editor.component.ts(81,3): error TS2564: Property 'interactionIsDisabled' has no initializer and is not definitely assigned in the constructor.

core/templates/components/state-editor/state-interaction-editor/state-interaction-editor.component.ts(82,3): error TS2564: Property 'interactionPreviewHtml' has no initializer and is not definitely assigned in the constructor.

core/templates/components/state-editor/state-interaction-editor/state-interaction-editor.component.ts(83,3): error TS2564: Property 'windowIsNarrow' has no initializer and is not definitely assigned in the constructor.

core/templates/components/state-editor/state-interaction-editor/state-interaction-editor.component.ts(106,9): error TS7053: Element implicitly has an 'any' type because expression of type 'string' can't be used to index type '{ ImageClickInput: { can_have_solution: boolean; show_generic_submit_button: boolean; instructions: string; is_trainable: boolean; narrow_instructions: string; description: string; needs_summary: boolean; ... 8 more ...; rule_descriptions: { ...; }; }; ... 18 more ...; RatioExpressionInput: { ...; }; }'.

  No index signature with a parameter of type 'string' was found on type '{ ImageClickInput: { can_have_solution: boolean; show_generic_submit_button: boolean; instructions: string; is_trainable: boolean; narrow_instructions: string; description: string; needs_summary: boolean; ... 8 more ...; rule_descriptions: { ...; }; }; ... 18 more ...; RatioExpressionInput: { ...; }; }'.

core/templates/components/state-editor/state-interaction-editor/state-interaction-editor.component.ts(135,7): error TS2345: Argument of type 'AnswerChoice[] | null' is not assignable to parameter of type 'AnswerChoice[] | undefined'.

  Type 'null' is not assignable to type 'AnswerChoice[] | undefined'.

core/templates/components/state-editor/state-interaction-editor/state-interaction-editor.component.ts(173,11): error TS7053: Element implicitly has an 'any' type because expression of type 'string' can't be used to index type '{ ImageClickInput: { can_have_solution: boolean; show_generic_submit_button: boolean; instructions: string; is_trainable: boolean; narrow_instructions: string; description: string; needs_summary: boolean; ... 8 more ...; rule_descriptions: { ...; }; }; ... 18 more ...; RatioExpressionInput: { ...; }; }'.

  No index signature with a parameter of type 'string' was found on type '{ ImageClickInput: { can_have_solution: boolean; show_generic_submit_button: boolean; instructions: string; is_trainable: boolean; narrow_instructions: string; description: string; needs_summary: boolean; ... 8 more ...; rule_descriptions: { ...; }; }; ... 18 more ...; RatioExpressionInput: { ...; }; }'.

core/templates/components/state-editor/state-interaction-editor/state-interaction-editor.component.ts(201,7): error TS2345: Argument of type 'AnswerChoice[] | null' is not assignable to parameter of type 'AnswerChoice[] | undefined'.

  Type 'null' is not assignable to type 'AnswerChoice[] | undefined'.

core/templates/components/state-editor/state-interaction-editor/state-interaction-editor.component.ts(245,7): error TS2322: Type 'null' is not assignable to type 'string'.

core/templates/components/state-editor/state-interaction-editor/state-interaction-editor.component.ts(259,32): error TS2345: Argument of type 'null' is not assignable to parameter of type 'Solution | undefined'.

core/templates/components/state-editor/state-interaction-editor/state-interaction-editor.component.ts(306,13): error TS2322: Type 'string | null' is not assignable to type 'string'.

  Type 'null' is not assignable to type 'string'.

core/templates/components/state-editor/state-interaction-editor/state-interaction-editor.component.ts(308,13): error TS2322: Type 'Outcome | null' is not assignable to type 'Outcome'.

  Type 'null' is not assignable to type 'Outcome'.

core/templates/components/summary-tile/exploration-summary-tile.component.spec.ts(356,7): error TS2739: Type '{ href: string; }' is missing the following properties from type '{ _hash: string; _hashChange: null; _href: string; hash: string; href: string; reload: (val: string) => string; }': _hash, _hashChange, _href, hash, reload

core/templates/domain/email-dashboard/email-dashboard-backend-api.service.ts(62,11): error TS2769: No overload matches this call.

  Overload 1 of 15, '(url: string, options: { headers?: HttpHeaders | { [header: string]: string | string[]; } | undefined; observe: "events"; params?: HttpParams | { [param: string]: string | string[]; } | undefined; reportProgress?: boolean | undefined; responseType?: "json" | undefined; withCredentials?: boolean | undefined; }): Observable<...>', gave the following error.

    Type '{ cursor?: string | undefined; num_queries_to_fetch: string; }' is not assignable to type 'HttpParams | { [param: string]: string | string[]; } | undefined'.

      Type '{ cursor?: string | undefined; num_queries_to_fetch: string; }' is not assignable to type '{ [param: string]: string | string[]; }'.

        Property ''cursor'' is incompatible with index signature.

          Type 'string | undefined' is not assignable to type 'string | string[]'.

            Type 'undefined' is not assignable to type 'string | string[]'.

  Overload 2 of 15, '(url: string, options: { headers?: HttpHeaders | { [header: string]: string | string[]; } | undefined; observe: "response"; params?: HttpParams | { [param: string]: string | string[]; } | undefined; reportProgress?: boolean | undefined; responseType?: "json" | undefined; withCredentials?: boolean | undefined; }): Observable<...>', gave the following error.

    Type '{ cursor?: string | undefined; num_queries_to_fetch: string; }' is not assignable to type 'HttpParams | { [param: string]: string | string[]; } | undefined'.

      Type '{ cursor?: string | undefined; num_queries_to_fetch: string; }' is not assignable to type '{ [param: string]: string | string[]; }'.

        Property ''cursor'' is incompatible with index signature.

          Type 'string | undefined' is not assignable to type 'string | string[]'.

            Type 'undefined' is not assignable to type 'string | string[]'.

  Overload 3 of 15, '(url: string, options?: { headers?: HttpHeaders | { [header: string]: string | string[]; } | undefined; observe?: "body" | undefined; params?: HttpParams | { [param: string]: string | string[]; } | undefined; reportProgress?: boolean | undefined; responseType?: "json" | undefined; withCredentials?: boolean | undefined; } | undefined): Observable<...>', gave the following error.

    Type '{ cursor?: string | undefined; num_queries_to_fetch: string; }' is not assignable to type 'HttpParams | { [param: string]: string | string[]; } | undefined'.

      Type '{ cursor?: string | undefined; num_queries_to_fetch: string; }' is not assignable to type '{ [param: string]: string | string[]; }'.

        Property ''cursor'' is incompatible with index signature.

          Type 'string | undefined' is not assignable to type 'string | string[]'.

            Type 'undefined' is not assignable to type 'string | string[]'.

core/templates/domain/email-dashboard/email-dashboard-backend-api.service.ts(65,60): error TS2345: Argument of type 'ArrayBuffer' is not assignable to parameter of type 'EmailDashboardQueryResultsBackendDict'.

  Type 'ArrayBuffer' is missing the following properties from type 'EmailDashboardQueryResultsBackendDict': 'cursor', 'recent_queries'

core/templates/domain/recommendations/exploration-recommendations-backend-api.service.ts(87,9): error TS2769: No overload matches this call.

  Overload 1 of 15, '(url: string, options: { headers?: HttpHeaders | { [header: string]: string | string[]; } | undefined; observe: "events"; params?: HttpParams | { [param: string]: string | string[]; } | undefined; reportProgress?: boolean | undefined; responseType?: "json" | undefined; withCredentials?: boolean | undefined; }): Observable<...>', gave the following error.

    Type 'RecommendationsUrlParams' is not assignable to type 'HttpParams | { [param: string]: string | string[]; } | undefined'.

      Type 'RecommendationsUrlParams' is not assignable to type '{ [param: string]: string | string[]; }'.

        Property ''collection_id'' is incompatible with index signature.

          Type 'string | undefined' is not assignable to type 'string | string[]'.

            Type 'undefined' is not assignable to type 'string | string[]'.

  Overload 2 of 15, '(url: string, options: { headers?: HttpHeaders | { [header: string]: string | string[]; } | undefined; observe: "response"; params?: HttpParams | { [param: string]: string | string[]; } | undefined; reportProgress?: boolean | undefined; responseType?: "json" | undefined; withCredentials?: boolean | undefined; }): Observable<...>', gave the following error.

    Type 'RecommendationsUrlParams' is not assignable to type 'HttpParams | { [param: string]: string | string[]; } | undefined'.

      Type 'RecommendationsUrlParams' is not assignable to type '{ [param: string]: string | string[]; }'.

        Property ''collection_id'' is incompatible with index signature.

          Type 'string | undefined' is not assignable to type 'string | string[]'.

            Type 'undefined' is not assignable to type 'string | string[]'.

  Overload 3 of 15, '(url: string, options?: { headers?: HttpHeaders | { [header: string]: string | string[]; } | undefined; observe?: "body" | undefined; params?: HttpParams | { [param: string]: string | string[]; } | undefined; reportProgress?: boolean | undefined; responseType?: "json" | undefined; withCredentials?: boolean | undefined; } | undefined): Observable<...>', gave the following error.

    Type 'RecommendationsUrlParams' is not assignable to type 'HttpParams | { [param: string]: string | string[]; } | undefined'.

      Type 'RecommendationsUrlParams' is not assignable to type '{ [param: string]: string | string[]; }'.

        Property ''collection_id'' is incompatible with index signature.

          Type 'string | undefined' is not assignable to type 'string | string[]'.

            Type 'undefined' is not assignable to type 'string | string[]'.

core/templates/domain/recommendations/exploration-recommendations-backend-api.service.ts(88,54): error TS2339: Property 'summaries' does not exist on type 'ArrayBuffer'.

core/templates/domain/recommendations/exploration-recommendations-backend-api.service.ts(89,7): error TS7006: Parameter 'summaryDict' implicitly has an 'any' type.

core/templates/domain/utilities/browser-checker.service.spec.ts(50,25): error TS2739: Type '{ lang: string; }' is missing the following properties from type 'SpeechSynthesisVoice': default, localService, name, voiceURI

core/templates/domain/utilities/browser-checker.service.spec.ts(58,25): error TS2739: Type '{ lang: string; }' is missing the following properties from type 'SpeechSynthesisVoice': default, localService, name, voiceURI

core/templates/filters/truncate-input-based-on-interaction-answer-type.pipe.ts(36,22): error TS7053: Element implicitly has an 'any' type because expression of type 'string' can't be used to index type '{ ImageClickInput: { can_have_solution: boolean; show_generic_submit_button: boolean; instructions: string; is_trainable: boolean; narrow_instructions: string; description: string; needs_summary: boolean; ... 8 more ...; rule_descriptions: { ...; }; }; ... 18 more ...; RatioExpressionInput: { ...; }; }'.

  No index signature with a parameter of type 'string' was found on type '{ ImageClickInput: { can_have_solution: boolean; show_generic_submit_button: boolean; instructions: string; is_trainable: boolean; narrow_instructions: string; description: string; needs_summary: boolean; ... 8 more ...; rule_descriptions: { ...; }; }; ... 18 more ...; RatioExpressionInput: { ...; }; }'.

core/templates/filters/truncate-input-based-on-interaction-answer-type.pipe.ts(58,43): error TS2339: Property 'code' does not exist on type 'CodeReplAnswer | FractionAnswer | GraphAnswer | ImageClickAnswer | MusicNotesAnswer | ... 5 more ... | { ...; }'.

  Property 'code' does not exist on type 'FractionAnswer'.

core/templates/filters/truncate-input-based-on-interaction-answer-type.pipe.ts(60,43): error TS2339: Property 'code' does not exist on type 'CodeReplAnswer | FractionAnswer | GraphAnswer | ImageClickAnswer | MusicNotesAnswer | ... 5 more ... | { ...; }'.

  Property 'code' does not exist on type 'FractionAnswer'.

core/templates/pages/admin-page/activities-tab/admin-dev-mode-activities-tab.component.spec.ts(77,62): error TS2345: Argument of type '{ confirm: () => boolean; }' is not assignable to parameter of type 'Window'.

  Type '{ confirm: () => boolean; }' is missing the following properties from type 'Window': applicationCache, clientInformation, closed, customElements, and 234 more.

core/templates/pages/admin-page/features-tab/admin-features-tab.component.spec.ts(95,62): error TS2345: Argument of type '{ confirm: () => boolean; prompt: () => string | null; alert: () => null; }' is not assignable to parameter of type 'Window'.

  Type '{ confirm: () => boolean; prompt: () => string | null; alert: () => null; }' is missing the following properties from type 'Window': applicationCache, clientInformation, closed, customElements, and 232 more.

core/templates/pages/contributor-dashboard-admin-page/services/contributor-dashboard-admin-backend-api.service.ts(137,9): error TS2769: No overload matches this call.

  Overload 1 of 15, '(url: string, options: { headers?: HttpHeaders | { [header: string]: string | string[]; } | undefined; observe: "events"; params?: HttpParams | { [param: string]: string | string[]; } | undefined; reportProgress?: boolean | undefined; responseType?: "json" | undefined; withCredentials?: boolean | undefined; }): Observable<...>', gave the following error.

    Type '{ username: string; language_code?: string | undefined; }' is not assignable to type 'HttpParams | { [param: string]: string | string[]; } | undefined'.

      Type '{ username: string; language_code?: string | undefined; }' is not assignable to type '{ [param: string]: string | string[]; }'.

        Property 'language_code' is incompatible with index signature.

          Type 'string | undefined' is not assignable to type 'string | string[]'.

            Type 'undefined' is not assignable to type 'string | string[]'.

  Overload 2 of 15, '(url: string, options: { headers?: HttpHeaders | { [header: string]: string | string[]; } | undefined; observe: "response"; params?: HttpParams | { [param: string]: string | string[]; } | undefined; reportProgress?: boolean | undefined; responseType?: "json" | undefined; withCredentials?: boolean | undefined; }): Observable<...>', gave the following error.

    Type '{ username: string; language_code?: string | undefined; }' is not assignable to type 'HttpParams | { [param: string]: string | string[]; } | undefined'.

      Type '{ username: string; language_code?: string | undefined; }' is not assignable to type '{ [param: string]: string | string[]; }'.

        Property 'language_code' is incompatible with index signature.

          Type 'string | undefined' is not assignable to type 'string | string[]'.

            Type 'undefined' is not assignable to type 'string | string[]'.

  Overload 3 of 15, '(url: string, options?: { headers?: HttpHeaders | { [header: string]: string | string[]; } | undefined; observe?: "body" | undefined; params?: HttpParams | { [param: string]: string | string[]; } | undefined; reportProgress?: boolean | undefined; responseType?: "json" | undefined; withCredentials?: boolean | undefined; } | undefined): Observable<...>', gave the following error.

    Type '{ username: string; language_code?: string | undefined; }' is not assignable to type 'HttpParams | { [param: string]: string | string[]; } | undefined'.

      Type '{ username: string; language_code?: string | undefined; }' is not assignable to type '{ [param: string]: string | string[]; }'.

        Property 'language_code' is incompatible with index signature.

          Type 'string | undefined' is not assignable to type 'string | string[]'.

            Type 'undefined' is not assignable to type 'string | string[]'.

core/templates/pages/contributor-dashboard-admin-page/services/contributor-dashboard-admin-backend-api.service.ts(140,17): error TS2345: Argument of type 'ArrayBuffer' is not assignable to parameter of type 'void | PromiseLike<void>'.

  Property 'then' is missing in type 'ArrayBuffer' but required in type 'PromiseLike<void>'.

core/templates/pages/contributor-dashboard-page/contributor-dashboard-page.component.spec.ts(135,37): error TS2345: Argument of type '{ pageYOffset: number; }' is not assignable to parameter of type 'Window'.

  Type '{ pageYOffset: number; }' is missing the following properties from type 'Window': applicationCache, clientInformation, closed, customElements, and 234 more.

core/templates/pages/contributor-dashboard-page/contributor-dashboard-page.component.spec.ts(295,39): error TS2345: Argument of type '{ pageYOffset: number; }' is not assignable to parameter of type 'Window'.

  Type '{ pageYOffset: number; }' is missing the following properties from type 'Window': applicationCache, clientInformation, closed, customElements, and 234 more.

core/templates/pages/contributor-dashboard-page/contributor-dashboard-page.component.spec.ts(309,39): error TS2345: Argument of type '{ pageYOffset: number; }' is not assignable to parameter of type 'Window'.

  Type '{ pageYOffset: number; }' is missing the following properties from type 'Window': applicationCache, clientInformation, closed, customElements, and 234 more.

core/templates/pages/contributor-dashboard-page/login-required-message/login-required-message.component.spec.ts(47,7): error TS2740: Type '{ reload: () => void; href: string; }' is missing the following properties from type 'Location': ancestorOrigins, hash, host, hostname, and 7 more.

core/templates/pages/contributor-dashboard-page/services/contribution-and-review-backend-api.service.ts(156,5): error TS2739: Type 'ArrayBuffer' is missing the following properties from type 'FetchSuggestionsResponse': 'target_id_to_opportunity_dict', suggestions, next_offset

core/templates/pages/contributor-dashboard-page/services/contribution-and-review-backend-api.service.ts(156,59): error TS2769: No overload matches this call.

  Overload 1 of 15, '(url: string, options: { headers?: HttpHeaders | { [header: string]: string | string[]; } | undefined; observe: "events"; params?: HttpParams | { [param: string]: string | string[]; } | undefined; reportProgress?: boolean | undefined; responseType?: "json" | undefined; withCredentials?: boolean | undefined; }): Observable<...>', gave the following error.

    Type '{ limit: string; offset: string; exploration_id?: string | undefined; }' is not assignable to type 'HttpParams | { [param: string]: string | string[]; } | undefined'.

      Type '{ limit: string; offset: string; exploration_id?: string | undefined; }' is not assignable to type '{ [param: string]: string | string[]; }'.

        Property 'exploration_id' is incompatible with index signature.

          Type 'string | undefined' is not assignable to type 'string | string[]'.

            Type 'undefined' is not assignable to type 'string | string[]'.

  Overload 2 of 15, '(url: string, options: { headers?: HttpHeaders | { [header: string]: string | string[]; } | undefined; observe: "response"; params?: HttpParams | { [param: string]: string | string[]; } | undefined; reportProgress?: boolean | undefined; responseType?: "json" | undefined; withCredentials?: boolean | undefined; }): Observable<...>', gave the following error.

    Type '{ limit: string; offset: string; exploration_id?: string | undefined; }' is not assignable to type 'HttpParams | { [param: string]: string | string[]; } | undefined'.

      Type '{ limit: string; offset: string; exploration_id?: string | undefined; }' is not assignable to type '{ [param: string]: string | string[]; }'.

        Property 'exploration_id' is incompatible with index signature.

          Type 'string | undefined' is not assignable to type 'string | string[]'.

            Type 'undefined' is not assignable to type 'string | string[]'.

  Overload 3 of 15, '(url: string, options?: { headers?: HttpHeaders | { [header: string]: string | string[]; } | undefined; observe?: "body" | undefined; params?: HttpParams | { [param: string]: string | string[]; } | undefined; reportProgress?: boolean | undefined; responseType?: "json" | undefined; withCredentials?: boolean | undefined; } | undefined): Observable<...>', gave the following error.

    Type '{ limit: string; offset: string; exploration_id?: string | undefined; }' is not assignable to type 'HttpParams | { [param: string]: string | string[]; } | undefined'.

      Type '{ limit: string; offset: string; exploration_id?: string | undefined; }' is not assignable to type '{ [param: string]: string | string[]; }'.

        Property 'exploration_id' is incompatible with index signature.

          Type 'string | undefined' is not assignable to type 'string | string[]'.

            Type 'undefined' is not assignable to type 'string | string[]'.

core/templates/pages/contributor-dashboard-page/services/contribution-opportunities-backend-api.service.ts(179,9): error TS2769: No overload matches this call.

  Overload 1 of 15, '(url: string, options: { headers?: HttpHeaders | { [header: string]: string | string[]; } | undefined; observe: "events"; params?: HttpParams | { [param: string]: string | string[]; } | undefined; reportProgress?: boolean | undefined; responseType?: "json" | undefined; withCredentials?: boolean | undefined; }): Observable<...>', gave the following error.

    Type '{ topic_name?: string | undefined; }' is not assignable to type 'HttpParams | { [param: string]: string | string[]; } | undefined'.

      Type '{ topic_name?: string | undefined; }' is not assignable to type '{ [param: string]: string | string[]; }'.

        Property 'topic_name' is incompatible with index signature.

          Type 'string | undefined' is not assignable to type 'string | string[]'.

            Type 'undefined' is not assignable to type 'string | string[]'.

  Overload 2 of 15, '(url: string, options: { headers?: HttpHeaders | { [header: string]: string | string[]; } | undefined; observe: "response"; params?: HttpParams | { [param: string]: string | string[]; } | undefined; reportProgress?: boolean | undefined; responseType?: "json" | undefined; withCredentials?: boolean | undefined; }): Observable<...>', gave the following error.

    Type '{ topic_name?: string | undefined; }' is not assignable to type 'HttpParams | { [param: string]: string | string[]; } | undefined'.

      Type '{ topic_name?: string | undefined; }' is not assignable to type '{ [param: string]: string | string[]; }'.

        Property 'topic_name' is incompatible with index signature.

          Type 'string | undefined' is not assignable to type 'string | string[]'.

            Type 'undefined' is not assignable to type 'string | string[]'.

  Overload 3 of 15, '(url: string, options?: { headers?: HttpHeaders | { [header: string]: string | string[]; } | undefined; observe?: "body" | undefined; params?: HttpParams | { [param: string]: string | string[]; } | undefined; reportProgress?: boolean | undefined; responseType?: "json" | undefined; withCredentials?: boolean | undefined; } | undefined): Observable<...>', gave the following error.

    Type '{ topic_name?: string | undefined; }' is not assignable to type 'HttpParams | { [param: string]: string | string[]; } | undefined'.

      Type '{ topic_name?: string | undefined; }' is not assignable to type '{ [param: string]: string | string[]; }'.

        Property 'topic_name' is incompatible with index signature.

          Type 'string | undefined' is not assignable to type 'string | string[]'.

            Type 'undefined' is not assignable to type 'string | string[]'.

core/templates/pages/contributor-dashboard-page/services/contribution-opportunities-backend-api.service.ts(181,34): error TS2339: Property 'opportunities' does not exist on type 'ArrayBuffer'.

core/templates/pages/contributor-dashboard-page/services/contribution-opportunities-backend-api.service.ts(182,9): error TS7006: Parameter 'dict' implicitly has an 'any' type.

core/templates/pages/creator-dashboard-page/creator-dashboard-page.component.spec.ts(467,38): error TS2345: Argument of type 'null' is not assignable to parameter of type 'CreatorDashboardStatsBackendDict'.

core/templates/pages/exploration-editor-page/editor-tab/services/responses.service.ts(133,39): error TS2531: Object is possibly 'null'.

core/templates/pages/exploration-editor-page/editor-tab/templates/modal-templates/customize-interaction-modal.component.ts(149,3): error TS2564: Property 'customizationArgSpecs' has no initializer and is not definitely assigned in the constructor.

core/templates/pages/exploration-editor-page/editor-tab/templates/modal-templates/customize-interaction-modal.component.ts(150,3): error TS2564: Property 'originalContentIdToContent' has no initializer and is not definitely assigned in the constructor.

core/templates/pages/exploration-editor-page/editor-tab/templates/modal-templates/customize-interaction-modal.component.ts(151,3): error TS2564: Property 'hasCustomizationArgs' has no initializer and is not definitely assigned in the constructor.

core/templates/pages/exploration-editor-page/editor-tab/templates/modal-templates/customize-interaction-modal.component.ts(152,3): error TS2564: Property 'allowedInteractionCategories' has no initializer and is not definitely assigned in the constructor.

core/templates/pages/exploration-editor-page/editor-tab/templates/modal-templates/customize-interaction-modal.component.ts(153,3): error TS2564: Property 'explorationIsLinkedToStory' has no initializer and is not definitely assigned in the constructor.

core/templates/pages/exploration-editor-page/editor-tab/templates/modal-templates/customize-interaction-modal.component.ts(154,3): error TS2564: Property 'customizationModalReopened' has no initializer and is not definitely assigned in the constructor.

core/templates/pages/exploration-editor-page/editor-tab/templates/modal-templates/customize-interaction-modal.component.ts(155,3): error TS2564: Property 'isinteractionOpen' has no initializer and is not definitely assigned in the constructor.

core/templates/pages/exploration-editor-page/editor-tab/templates/modal-templates/customize-interaction-modal.component.ts(176,12): error TS7053: Element implicitly has an 'any' type because expression of type 'string' can't be used to index type '{ ImageClickInput: { can_have_solution: boolean; show_generic_submit_button: boolean; instructions: string; is_trainable: boolean; narrow_instructions: string; description: string; needs_summary: boolean; ... 8 more ...; rule_descriptions: { ...; }; }; ... 18 more ...; RatioExpressionInput: { ...; }; }'.

  No index signature with a parameter of type 'string' was found on type '{ ImageClickInput: { can_have_solution: boolean; show_generic_submit_button: boolean; instructions: string; is_trainable: boolean; narrow_instructions: string; description: string; needs_summary: boolean; ... 8 more ...; rule_descriptions: { ...; }; }; ... 18 more ...; RatioExpressionInput: { ...; }; }'.

core/templates/pages/exploration-editor-page/editor-tab/templates/modal-templates/customize-interaction-modal.component.ts(180,12): error TS7053: Element implicitly has an 'any' type because expression of type 'string' can't be used to index type '{ ImageClickInput: { can_have_solution: boolean; show_generic_submit_button: boolean; instructions: string; is_trainable: boolean; narrow_instructions: string; description: string; needs_summary: boolean; ... 8 more ...; rule_descriptions: { ...; }; }; ... 18 more ...; RatioExpressionInput: { ...; }; }'.

  No index signature with a parameter of type 'string' was found on type '{ ImageClickInput: { can_have_solution: boolean; show_generic_submit_button: boolean; instructions: string; is_trainable: boolean; narrow_instructions: string; description: string; needs_summary: boolean; ... 8 more ...; rule_descriptions: { ...; }; }; ... 18 more ...; RatioExpressionInput: { ...; }; }'.

core/templates/pages/exploration-editor-page/editor-tab/templates/modal-templates/customize-interaction-modal.component.ts(191,7): error TS7053: Element implicitly has an 'any' type because expression of type 'string' can't be used to index type '{ ImageClickInput: { can_have_solution: boolean; show_generic_submit_button: boolean; instructions: string; is_trainable: boolean; narrow_instructions: string; description: string; needs_summary: boolean; ... 8 more ...; rule_descriptions: { ...; }; }; ... 18 more ...; RatioExpressionInput: { ...; }; }'.

  No index signature with a parameter of type 'string' was found on type '{ ImageClickInput: { can_have_solution: boolean; show_generic_submit_button: boolean; instructions: string; is_trainable: boolean; narrow_instructions: string; description: string; needs_summary: boolean; ... 8 more ...; rule_descriptions: { ...; }; }; ... 18 more ...; RatioExpressionInput: { ...; }; }'.

core/templates/pages/exploration-editor-page/editor-tab/templates/modal-templates/customize-interaction-modal.component.ts(196,9): error TS7053: Element implicitly has an 'any' type because expression of type 'string' can't be used to index type '{ AlgebraicExpressionInputValidationService: typeof AlgebraicExpressionInputValidationService; CodeReplValidationService: typeof CodeReplValidationService; ... 17 more ...; TextInputValidationService: typeof TextInputValidationService; }'.

  No index signature with a parameter of type 'string' was found on type '{ AlgebraicExpressionInputValidationService: typeof AlgebraicExpressionInputValidationService; CodeReplValidationService: typeof CodeReplValidationService; ... 17 more ...; TextInputValidationService: typeof TextInputValidationService; }'.

core/templates/pages/exploration-editor-page/editor-tab/templates/modal-templates/customize-interaction-modal.component.ts(217,27): error TS7053: Element implicitly has an 'any' type because expression of type 'string' can't be used to index type '{ ImageClickInput: { can_have_solution: boolean; show_generic_submit_button: boolean; instructions: string; is_trainable: boolean; narrow_instructions: string; description: string; needs_summary: boolean; ... 8 more ...; rule_descriptions: { ...; }; }; ... 18 more ...; RatioExpressionInput: { ...; }; }'.

  No index signature with a parameter of type 'string' was found on type '{ ImageClickInput: { can_have_solution: boolean; show_generic_submit_button: boolean; instructions: string; is_trainable: boolean; narrow_instructions: string; description: string; needs_summary: boolean; ... 8 more ...; rule_descriptions: { ...; }; }; ... 18 more ...; RatioExpressionInput: { ...; }; }'.

core/templates/pages/exploration-editor-page/editor-tab/templates/modal-templates/customize-interaction-modal.component.ts(225,7): error TS2322: Type 'AlgebraicExpressionInputCustomizationArgs | CodeReplCustomizationArgs | ContinueCustomizationArgs | ... 17 more ... | null' is not assignable to type 'InteractionCustomizationArgs'.

  Type 'null' is not assignable to type 'InteractionCustomizationArgs'.

core/templates/pages/exploration-editor-page/editor-tab/templates/modal-templates/customize-interaction-modal.component.ts(235,9): error TS7053: Element implicitly has an 'any' type because expression of type 'string | number' can't be used to index type '{}'.

  No index signature with a parameter of type 'string' was found on type '{}'.

core/templates/pages/exploration-editor-page/editor-tab/templates/modal-templates/customize-interaction-modal.component.ts(341,13): error TS7053: Element implicitly has an 'any' type because expression of type 'number' can't be used to index type 'Object | Object[]'.

  No index signature with a parameter of type 'number' was found on type 'Object | Object[]'.

core/templates/pages/exploration-editor-page/editor-tab/templates/modal-templates/customize-interaction-modal.component.ts(348,21): error TS7053: Element implicitly has an 'any' type because expression of type 'string' can't be used to index type '{ ImageClickInput: { can_have_solution: boolean; show_generic_submit_button: boolean; instructions: string; is_trainable: boolean; narrow_instructions: string; description: string; needs_summary: boolean; ... 8 more ...; rule_descriptions: { ...; }; }; ... 18 more ...; RatioExpressionInput: { ...; }; }'.

  No index signature with a parameter of type 'string' was found on type '{ ImageClickInput: { can_have_solution: boolean; show_generic_submit_button: boolean; instructions: string; is_trainable: boolean; narrow_instructions: string; description: string; needs_summary: boolean; ... 8 more ...; rule_descriptions: { ...; }; }; ... 18 more ...; RatioExpressionInput: { ...; }; }'.

core/templates/pages/exploration-editor-page/editor-tab/templates/modal-templates/customize-interaction-modal.component.ts(354,11): error TS7053: Element implicitly has an 'any' type because expression of type 'any' can't be used to index type 'InteractionCustomizationArgs'.

core/templates/pages/exploration-editor-page/editor-tab/templates/modal-templates/customize-interaction-modal.component.ts(387,11): error TS2538: Type 'null' cannot be used as an index type.

core/templates/pages/exploration-editor-page/editor-tab/templates/modal-templates/customize-interaction-modal.component.ts(392,11): error TS2538: Type 'null' cannot be used as an index type.

core/templates/pages/exploration-editor-page/editor-tab/templates/modal-templates/customize-interaction-modal.component.ts(396,43): error TS7053: Element implicitly has an 'any' type because expression of type 'number' can't be used to index type 'Object | Object[]'.

  No index signature with a parameter of type 'number' was found on type 'Object | Object[]'.

core/templates/pages/exploration-editor-page/editor-tab/templates/modal-templates/customize-interaction-modal.component.ts(401,21): error TS7053: Element implicitly has an 'any' type because expression of type 'string' can't be used to index type '{ ImageClickInput: { can_have_solution: boolean; show_generic_submit_button: boolean; instructions: string; is_trainable: boolean; narrow_instructions: string; description: string; needs_summary: boolean; ... 8 more ...; rule_descriptions: { ...; }; }; ... 18 more ...; RatioExpressionInput: { ...; }; }'.

  No index signature with a parameter of type 'string' was found on type '{ ImageClickInput: { can_have_solution: boolean; show_generic_submit_button: boolean; instructions: string; is_trainable: boolean; narrow_instructions: string; description: string; needs_summary: boolean; ... 8 more ...; rule_descriptions: { ...; }; }; ... 18 more ...; RatioExpressionInput: { ...; }; }'.

core/templates/pages/exploration-editor-page/editor-tab/templates/modal-templates/customize-interaction-modal.component.ts(406,41): error TS7053: Element implicitly has an 'any' type because expression of type 'any' can't be used to index type 'InteractionCustomizationArgs'.

core/templates/pages/exploration-editor-page/editor-tab/templates/modal-templates/customize-interaction-modal.component.ts(414,11): error TS7034: Variable 'contentIdsWithModifiedContent' implicitly has type 'any[]' in some locations where its type cannot be determined.

core/templates/pages/exploration-editor-page/editor-tab/templates/modal-templates/customize-interaction-modal.component.ts(421,10): error TS7053: Element implicitly has an 'any' type because expression of type 'string' can't be used to index type '{}'.

  No index signature with a parameter of type 'string' was found on type '{}'.

core/templates/pages/exploration-editor-page/editor-tab/templates/modal-templates/customize-interaction-modal.component.ts(422,11): error TS7053: Element implicitly has an 'any' type because expression of type 'string' can't be used to index type '{}'.

  No index signature with a parameter of type 'string' was found on type '{}'.

core/templates/pages/exploration-editor-page/editor-tab/templates/modal-templates/customize-interaction-modal.component.ts(428,7): error TS7005: Variable 'contentIdsWithModifiedContent' implicitly has an 'any[]' type.

core/templates/pages/exploration-editor-page/editor-tab/templates/modal-templates/customize-interaction-modal.component.ts(465,13): error TS2345: Argument of type 'readonly [{ readonly name: "Commonly Used"; readonly interaction_ids: readonly ["ImageClickInput", "ItemSelectionInput", "MultipleChoiceInput", "TextInput", "DragAndDropSortInput", "NumericInput"]; }, { ...; }]' is not assignable to parameter of type 'any[]'.

  The type 'readonly [{ readonly name: "Commonly Used"; readonly interaction_ids: readonly ["ImageClickInput", "ItemSelectionInput", "MultipleChoiceInput", "TextInput", "DragAndDropSortInput", "NumericInput"]; }, { ...; }]' is 'readonly' and cannot be assigned to the mutable type 'any[]'.

core/templates/pages/exploration-editor-page/editor-tab/templates/modal-templates/customize-interaction-modal.component.ts(468,13): error TS2345: Argument of type 'readonly [{ readonly name: "General"; readonly interaction_ids: readonly ["Continue", "EndExploration", "ImageClickInput", "ItemSelectionInput", "MultipleChoiceInput", "TextInput", "DragAndDropSortInput"]; }, { ...; }]' is not assignable to parameter of type 'any[]'.

  The type 'readonly [{ readonly name: "General"; readonly interaction_ids: readonly ["Continue", "EndExploration", "ImageClickInput", "ItemSelectionInput", "MultipleChoiceInput", "TextInput", "DragAndDropSortInput"]; }, { ...; }]' is 'readonly' and cannot be assigned to the mutable type 'any[]'.

core/templates/pages/exploration-editor-page/editor-tab/templates/modal-templates/customize-interaction-modal.component.ts(471,13): error TS2345: Argument of type 'readonly [{ readonly name: "Commonly Used"; readonly interaction_ids: readonly ["Continue", "EndExploration", "ImageClickInput", "ItemSelectionInput", "MultipleChoiceInput", "NumericInput", "TextInput", "DragAndDropSortInput"]; }, { ...; }, { ...; }, { ...; }, { ...; }]' is not assignable to parameter of type 'any[]'.

  The type 'readonly [{ readonly name: "Commonly Used"; readonly interaction_ids: readonly ["Continue", "EndExploration", "ImageClickInput", "ItemSelectionInput", "MultipleChoiceInput", "NumericInput", "TextInput", "DragAndDropSortInput"]; }, { ...; }, { ...; }, { ...; }, { ...; }]' is 'readonly' and cannot be assigned to the mutable type 'any[]'.

core/templates/pages/exploration-editor-page/editor-tab/templates/modal-templates/customize-interaction-modal.component.ts(476,13): error TS2345: Argument of type 'readonly [{ readonly name: "Commonly Used"; readonly interaction_ids: readonly ["ImageClickInput", "ItemSelectionInput", "MultipleChoiceInput", "TextInput", "DragAndDropSortInput", "NumericInput"]; }, { ...; }]' is not assignable to parameter of type 'any[]'.

  The type 'readonly [{ readonly name: "Commonly Used"; readonly interaction_ids: readonly ["ImageClickInput", "ItemSelectionInput", "MultipleChoiceInput", "TextInput", "DragAndDropSortInput", "NumericInput"]; }, { ...; }]' is 'readonly' and cannot be assigned to the mutable type 'any[]'.

core/templates/pages/exploration-editor-page/editor-tab/templates/modal-templates/customize-interaction-modal.component.ts(479,13): error TS2345: Argument of type 'readonly [{ readonly name: "General"; readonly interaction_ids: readonly ["Continue", "EndExploration", "ImageClickInput", "ItemSelectionInput", "MultipleChoiceInput", "TextInput", "DragAndDropSortInput"]; }, { ...; }]' is not assignable to parameter of type 'any[]'.

  The type 'readonly [{ readonly name: "General"; readonly interaction_ids: readonly ["Continue", "EndExploration", "ImageClickInput", "ItemSelectionInput", "MultipleChoiceInput", "TextInput", "DragAndDropSortInput"]; }, { ...; }]' is 'readonly' and cannot be assigned to the mutable type 'any[]'.

core/templates/pages/exploration-editor-page/editor-tab/templates/modal-templates/customize-interaction-modal.component.ts(482,13): error TS2345: Argument of type 'readonly [{ readonly name: "Commonly Used"; readonly interaction_ids: readonly ["Continue", "EndExploration", "ImageClickInput", "ItemSelectionInput", "MultipleChoiceInput", "NumericInput", "TextInput", "DragAndDropSortInput"]; }, { ...; }, { ...; }, { ...; }, { ...; }]' is not assignable to parameter of type 'any[]'.

  The type 'readonly [{ readonly name: "Commonly Used"; readonly interaction_ids: readonly ["Continue", "EndExploration", "ImageClickInput", "ItemSelectionInput", "MultipleChoiceInput", "NumericInput", "TextInput", "DragAndDropSortInput"]; }, { ...; }, { ...; }, { ...; }, { ...; }]' is 'readonly' and cannot be assigned to the mutable type 'any[]'.

core/templates/pages/exploration-editor-page/editor-tab/templates/modal-templates/customize-interaction-modal.component.ts(487,29): error TS7053: Element implicitly has an 'any' type because expression of type 'string' can't be used to index type '{ ImageClickInput: { can_have_solution: boolean; show_generic_submit_button: boolean; instructions: string; is_trainable: boolean; narrow_instructions: string; description: string; needs_summary: boolean; ... 8 more ...; rule_descriptions: { ...; }; }; ... 18 more ...; RatioExpressionInput: { ...; }; }'.

  No index signature with a parameter of type 'string' was found on type '{ ImageClickInput: { can_have_solution: boolean; show_generic_submit_button: boolean; instructions: string; is_trainable: boolean; narrow_instructions: string; description: string; needs_summary: boolean; ... 8 more ...; rule_descriptions: { ...; }; }; ... 18 more ...; RatioExpressionInput: { ...; }; }'.

core/templates/pages/exploration-editor-page/editor-tab/templates/modal-templates/teach-oppia-modal.component.spec.ts(318,72): error TS2739: Type '{}' is missing the following properties from type 'UnresolvedAnswer': answer, answerTemplate, classificationResult, feedbackHtml

core/templates/pages/exploration-editor-page/editor-tab/templates/modal-templates/teach-oppia-modal.component.spec.ts(320,11): error TS2739: Type '{ classificationCategorization: string; answerGroupIndex: number; }' is missing the following properties from type 'AnswerClassificationResult': outcome, ruleIndex

core/templates/pages/exploration-editor-page/editor-tab/training-panel/training-modal.component.ts(78,12): error TS2564: Property 'unhandledAnswer' has no initializer and is not definitely assigned in the constructor.

core/templates/pages/exploration-editor-page/editor-tab/training-panel/training-modal.component.ts(85,3): error TS2564: Property 'classification' has no initializer and is not definitely assigned in the constructor.

core/templates/pages/exploration-editor-page/editor-tab/training-panel/training-modal.component.ts(108,7): error TS2322: Type 'null' is not assignable to type 'Outcome'.

core/templates/pages/exploration-editor-page/editor-tab/training-panel/training-modal.component.ts(123,11): error TS2345: Argument of type 'string | null' is not assignable to parameter of type 'string'.

  Type 'null' is not assignable to type 'string'.

core/templates/pages/exploration-editor-page/editor-tab/training-panel/training-modal.component.ts(127,11): error TS2345: Argument of type 'string | null' is not assignable to parameter of type 'string'.

  Type 'null' is not assignable to type 'string'.

core/templates/pages/exploration-editor-page/editor-tab/training-panel/training-modal.component.ts(164,56): error TS2345: Argument of type 'string | null' is not assignable to parameter of type 'string'.

  Type 'null' is not assignable to type 'string'.

core/templates/pages/exploration-editor-page/editor-tab/training-panel/training-modal.component.ts(175,25): error TS7053: Element implicitly has an 'any' type because expression of type 'string' can't be used to index type '{ AlgebraicExpressionInputRulesService: typeof AlgebraicExpressionInputRulesService; CodeReplRulesService: typeof CodeReplRulesService; ... 10 more ...; TextInputRulesService: typeof TextInputRulesService; }'.

  No index signature with a parameter of type 'string' was found on type '{ AlgebraicExpressionInputRulesService: typeof AlgebraicExpressionInputRulesService; CodeReplRulesService: typeof CodeReplRulesService; ... 10 more ...; TextInputRulesService: typeof TextInputRulesService; }'.

core/templates/pages/exploration-editor-page/editor-tab/training-panel/training-modal.component.ts(179,9): error TS2345: Argument of type 'string | null' is not assignable to parameter of type 'string'.

  Type 'null' is not assignable to type 'string'.

core/templates/pages/exploration-editor-page/modal-templates/save-validation-fail-modal.component.spec.ts(114,7): error TS2739: Type '{ reload: Spy<Func>; }' is missing the following properties from type '{ _hash: string; _hashChange: null; hash: string; reload: (val: number) => number; }': _hash, _hashChange, hash

core/templates/pages/exploration-editor-page/modal-templates/save-version-mismatch-modal.component.spec.ts(141,9): error TS2739: Type '{ reload: Spy<Func>; }' is missing the following properties from type '{ _hash: string; _hashChange: null; hash: string; reload: (val: string) => string; }': _hash, _hashChange, hash

core/templates/pages/exploration-editor-page/modal-templates/save-version-mismatch-modal.component.spec.ts(199,7): error TS2739: Type '{ reload: Spy<Func>; }' is missing the following properties from type '{ _hash: string; _hashChange: null; hash: string; reload: (val: string) => string; }': _hash, _hashChange, hash

core/templates/pages/exploration-editor-page/services/exploration-states.service.ts(267,34): error TS7053: Element implicitly has an 'any' type because expression of type 'StatePropertyNames' can't be used to index type '{ answer_groups: string[]; confirmed_unclassified_answers: string[]; content: string[]; recorded_voiceovers: string[]; linked_skill_id: string[]; default_outcome: string[]; param_changes: string[]; ... 8 more ...; written_translations: string[]; }'.

  Property 'state_name' does not exist on type '{ answer_groups: string[]; confirmed_unclassified_answers: string[]; content: string[]; recorded_voiceovers: string[]; linked_skill_id: string[]; default_outcome: string[]; param_changes: string[]; ... 8 more ...; written_translations: string[]; }'.

core/templates/pages/exploration-editor-page/services/exploration-states.service.ts(271,23): error TS7053: Element implicitly has an 'any' type because expression of type 'string' can't be used to index type 'State'.

  No index signature with a parameter of type 'string' was found on type 'State'.

core/templates/pages/exploration-editor-page/services/exploration-states.service.ts(280,34): error TS2531: Object is possibly 'null'.

core/templates/pages/exploration-editor-page/services/exploration-states.service.ts(359,26): error TS2531: Object is possibly 'null'.

core/templates/pages/exploration-editor-page/services/exploration-states.service.ts(360,26): error TS7053: Element implicitly has an 'any' type because expression of type 'StatePropertyNames' can't be used to index type '{ answer_groups: string[]; confirmed_unclassified_answers: string[]; content: string[]; recorded_voiceovers: string[]; linked_skill_id: string[]; default_outcome: string[]; param_changes: string[]; ... 8 more ...; written_translations: string[]; }'.

  Property 'state_name' does not exist on type '{ answer_groups: string[]; confirmed_unclassified_answers: string[]; content: string[]; recorded_voiceovers: string[]; linked_skill_id: string[]; default_outcome: string[]; param_changes: string[]; ... 8 more ...; written_translations: string[]; }'.

core/templates/pages/exploration-editor-page/services/exploration-states.service.ts(363,29): error TS7053: Element implicitly has an 'any' type because expression of type 'StatePropertyNames' can't be used to index type '{ answer_groups: (answerGroups: AnswerGroup[]) => Set<unknown>; default_outcome: (defaultOutcome: Outcome) => Set<unknown>; hints: (hints: Hint[]) => Set<unknown>; solution: (solution: Solution) => Set<...>; widget_customization_args: (customizationArgs: InteractionCustomizationArgs) => Set<...>; }'.

  Property 'content' does not exist on type '{ answer_groups: (answerGroups: AnswerGroup[]) => Set<unknown>; default_outcome: (defaultOutcome: Outcome) => Set<unknown>; hints: (hints: Hint[]) => Set<unknown>; solution: (solution: Solution) => Set<...>; widget_customization_args: (customizationArgs: InteractionCustomizationArgs) => Set<...>; }'.

core/templates/pages/exploration-editor-page/services/exploration-states.service.ts(364,29): error TS7053: Element implicitly has an 'any' type because expression of type 'StatePropertyNames' can't be used to index type '{ answer_groups: (answerGroups: AnswerGroup[]) => Set<unknown>; default_outcome: (defaultOutcome: Outcome) => Set<unknown>; hints: (hints: Hint[]) => Set<unknown>; solution: (solution: Solution) => Set<...>; widget_customization_args: (customizationArgs: InteractionCustomizationArgs) => Set<...>; }'.

  Property 'content' does not exist on type '{ answer_groups: (answerGroups: AnswerGroup[]) => Set<unknown>; default_outcome: (defaultOutcome: Outcome) => Set<unknown>; hints: (hints: Hint[]) => Set<unknown>; solution: (solution: Solution) => Set<...>; widget_customization_args: (customizationArgs: InteractionCustomizationArgs) => Set<...>; }'.

core/templates/pages/exploration-editor-page/services/exploration-states.service.ts(380,23): error TS7053: Element implicitly has an 'any' type because expression of type 'any' can't be used to index type 'State'.

core/templates/pages/exploration-editor-page/services/exploration-states.service.ts(383,7): error TS7053: Element implicitly has an 'any' type because expression of type 'any' can't be used to index type 'State'.

core/templates/pages/exploration-editor-page/services/exploration-states.service.ts(399,30): error TS7053: Element implicitly has an 'any' type because expression of type 'string' can't be used to index type '{ answer_groups: (answerGroups: AnswerGroup[]) => AnswerGroupBackendDict[]; content: (content: SubtitledHtml) => SubtitledHtmlBackendDict; ... 7 more ...; widget_customization_args: (customizationArgs: InteractionCustomizationArgs) => InteractionCustomizationArgsBackendDict; }'.

  No index signature with a parameter of type 'string' was found on type '{ answer_groups: (answerGroups: AnswerGroup[]) => AnswerGroupBackendDict[]; content: (content: SubtitledHtml) => SubtitledHtmlBackendDict; ... 7 more ...; widget_customization_args: (customizationArgs: InteractionCustomizationArgs) => InteractionCustomizationArgsBackendDict; }'.

core/templates/pages/exploration-editor-page/services/exploration-states.service.ts(409,22): error TS2531: Object is possibly 'null'.

core/templates/pages/exploration-editor-page/services/exploration-states.service.ts(411,29): error TS2531: Object is possibly 'null'.

core/templates/pages/exploration-editor-page/services/exploration-states.service.ts(415,13): error TS2531: Object is possibly 'null'.

core/templates/pages/exploration-editor-page/services/exploration-states.service.ts(418,15): error TS2345: Argument of type 'string | null' is not assignable to parameter of type 'string'.

  Type 'null' is not assignable to type 'string'.

core/templates/pages/exploration-editor-page/services/exploration-states.service.ts(430,5): error TS2322: Type 'States | null' is not assignable to type 'States'.

  Type 'null' is not assignable to type 'States'.

core/templates/pages/exploration-editor-page/services/exploration-states.service.ts(434,12): error TS2531: Object is possibly 'null'.

core/templates/pages/exploration-editor-page/services/exploration-states.service.ts(438,12): error TS2531: Object is possibly 'null'.

core/templates/pages/exploration-editor-page/services/exploration-states.service.ts(442,22): error TS2531: Object is possibly 'null'.

core/templates/pages/exploration-editor-page/services/exploration-states.service.ts(453,13): error TS2531: Object is possibly 'null'.

core/templates/pages/exploration-editor-page/services/exploration-states.service.ts(462,9): error TS2531: Object is possibly 'null'.

core/templates/pages/exploration-editor-page/services/exploration-states.service.ts(497,16): error TS2531: Object is possibly 'null'.

core/templates/pages/exploration-editor-page/services/exploration-states.service.ts(524,16): error TS2531: Object is possibly 'null'.

core/templates/pages/exploration-editor-page/services/exploration-states.service.ts(537,16): error TS2531: Object is possibly 'null'.

core/templates/pages/exploration-editor-page/services/exploration-states.service.ts(552,16): error TS2531: Object is possibly 'null'.

core/templates/pages/exploration-editor-page/services/exploration-states.service.ts(612,12): error TS2531: Object is possibly 'null'.

core/templates/pages/exploration-editor-page/services/exploration-states.service.ts(624,21): error TS2531: Object is possibly 'null'.

core/templates/pages/exploration-editor-page/services/exploration-states.service.ts(635,5): error TS2531: Object is possibly 'null'.

core/templates/pages/exploration-editor-page/services/exploration-states.service.ts(643,21): error TS2531: Object is possibly 'null'.

core/templates/pages/exploration-editor-page/services/exploration-states.service.ts(646,5): error TS2531: Object is possibly 'null'.

core/templates/pages/exploration-editor-page/services/exploration-states.service.ts(654,21): error TS2531: Object is possibly 'null'.

core/templates/pages/exploration-editor-page/services/exploration-states.service.ts(661,5): error TS2531: Object is possibly 'null'.

core/templates/pages/exploration-editor-page/services/exploration-states.service.ts(675,9): error TS2531: Object is possibly 'null'.

core/templates/pages/exploration-editor-page/services/exploration-states.service.ts(681,5): error TS2531: Object is possibly 'null'.

core/templates/pages/exploration-editor-page/services/exploration-states.service.ts(693,41): error TS2366: Function lacks ending return statement and return type does not include 'undefined'.

core/templates/pages/exploration-editor-page/services/exploration-states.service.ts(700,10): error TS2531: Object is possibly 'null'.

core/templates/pages/exploration-editor-page/services/exploration-states.service.ts(711,7): error TS2531: Object is possibly 'null'.

core/templates/pages/exploration-editor-page/services/exploration-states.service.ts(739,9): error TS2531: Object is possibly 'null'.

core/templates/pages/exploration-editor-page/services/exploration-states.service.ts(745,5): error TS2531: Object is possibly 'null'.

core/templates/pages/exploration-editor-page/services/exploration-states.service.ts(748,43): error TS2531: Object is possibly 'null'.

core/templates/pages/exploration-editor-page/services/router.service.ts(123,49): error TS2345: Argument of type 'null' is not assignable to parameter of type 'string'.

core/templates/pages/exploration-editor-page/services/router.service.ts(234,7): error TS2345: Argument of type 'string | null' is not assignable to parameter of type 'string'.

  Type 'null' is not assignable to type 'string'.

core/templates/pages/exploration-editor-page/services/router.service.ts(242,47): error TS2345: Argument of type 'string | null' is not assignable to parameter of type 'string'.

  Type 'null' is not assignable to type 'string'.

core/templates/pages/exploration-editor-page/services/router.service.ts(256,45): error TS2345: Argument of type 'string | null' is not assignable to parameter of type 'string'.

  Type 'null' is not assignable to type 'string'.

core/templates/pages/exploration-editor-page/services/router.service.ts(269,51): error TS2345: Argument of type 'null' is not assignable to parameter of type 'string'.

core/templates/pages/exploration-editor-page/settings-tab/settings-tab.component.spec.ts(418,7): error TS2740: Type '{ protocol: string; host: string; }' is missing the following properties from type 'Location': ancestorOrigins, hash, hostname, href, and 7 more.

core/templates/pages/exploration-editor-page/settings-tab/settings-tab.component.spec.ts(503,9): error TS2740: Type '{ reload: () => void; }' is missing the following properties from type 'Location': ancestorOrigins, hash, host, hostname, and 8 more.

core/templates/pages/exploration-editor-page/settings-tab/settings-tab.component.spec.ts(523,9): error TS2322: Type 'string' is not assignable to type 'Location'.

core/templates/pages/exploration-editor-page/statistics-tab/charts/pie-chart.component.spec.ts(105,9): error TS2322: Type '() => void' is not assignable to type '(data: any[], firstRowIsData?: boolean | undefined) => DataTable'.

  Type 'void' is not assignable to type 'DataTable'.

core/templates/pages/exploration-editor-page/statistics-tab/charts/pie-chart.component.spec.ts(106,9): error TS2322: Type '() => google.visualization.PieChart' is not assignable to type 'typeof PieChart'.

  Type '() => PieChart' provides no match for the signature 'new (element: Element): PieChart'.

core/templates/pages/exploration-editor-page/statistics-tab/charts/pie-chart.component.spec.ts(111,9): error TS2322: Type '(callback: () => void) => void' is not assignable to type '(handler: Function) => void'.

  Types of parameters 'callback' and 'handler' are incompatible.

    Type 'Function' is not assignable to type '() => void'.

      Type 'Function' provides no match for the signature '(): void'.

core/templates/pages/exploration-editor-page/statistics-tab/charts/pie-chart.component.spec.ts(128,9): error TS2322: Type 'typeof Mockdraw' is not assignable to type 'typeof PieChart'.

  Types of construct signatures are incompatible.

    Type 'new (value: string) => Mockdraw' is not assignable to type 'new (element: Element) => PieChart'.

      Types of parameters 'value' and 'element' are incompatible.

        Type 'Element' is not assignable to type 'string'.

core/templates/pages/exploration-editor-page/statistics-tab/charts/pie-chart.component.spec.ts(134,9): error TS2322: Type '(callback: () => void) => void' is not assignable to type '(handler: Function) => void'.

  Types of parameters 'callback' and 'handler' are incompatible.

    Type 'Function' is not assignable to type '() => void'.

      Type 'Function' provides no match for the signature '(): void'.

core/templates/pages/exploration-editor-page/statistics-tab/charts/pie-chart.component.spec.ts(157,9): error TS2322: Type 'typeof Mockdraw' is not assignable to type 'typeof PieChart'.

  Types of construct signatures are incompatible.

    Type 'new (value: string) => Mockdraw' is not assignable to type 'new (element: Element) => PieChart'.

      Types of parameters 'value' and 'element' are incompatible.

        Type 'Element' is not assignable to type 'string'.

core/templates/pages/exploration-editor-page/statistics-tab/charts/pie-chart.component.spec.ts(163,9): error TS2322: Type '(callback: () => void) => void' is not assignable to type '(handler: Function) => void'.

  Types of parameters 'callback' and 'handler' are incompatible.

    Type 'Function' is not assignable to type '() => void'.

      Type 'Function' provides no match for the signature '(): void'.

core/templates/pages/exploration-editor-page/statistics-tab/charts/pie-chart.component.spec.ts(180,9): error TS2322: Type 'typeof Mockdraw' is not assignable to type 'typeof PieChart'.

  Types of construct signatures are incompatible.

    Type 'new (value: string) => Mockdraw' is not assignable to type 'new (element: Element) => PieChart'.

      Types of parameters 'value' and 'element' are incompatible.

        Type 'Element' is not assignable to type 'string'.

core/templates/pages/exploration-editor-page/statistics-tab/charts/pie-chart.component.spec.ts(186,9): error TS2322: Type '(callback: () => void) => void' is not assignable to type '(handler: Function) => void'.

  Types of parameters 'callback' and 'handler' are incompatible.

    Type 'Function' is not assignable to type '() => void'.

      Type 'Function' provides no match for the signature '(): void'.

core/templates/pages/exploration-editor-page/translation-tab/translation-tab.component.spec.ts(173,24): error TS2345: Argument of type 'EventEmitter<void>' is not assignable to parameter of type 'EventEmitter<string>'.

  Types of property 'emit' are incompatible.

    Type '(value?: void | undefined) => void' is not assignable to type '(value?: string | undefined) => void'.

      Types of parameters 'value' and 'value' are incompatible.

        Type 'string | undefined' is not assignable to type 'void | undefined'.

          Type 'string' is not assignable to type 'void | undefined'.

core/templates/pages/exploration-player-page/learner-experience/ratings-and-recommendations.component.spec.ts(332,7): error TS2345: Argument of type '{ EndChapterCelebration: { isEnabled: false; }; }' is not assignable to parameter of type 'FeatureStatusChecker'.

  Type '{ EndChapterCelebration: { isEnabled: false; }; }' is missing the following properties from type 'FeatureStatusChecker': DummyFeature, CheckpointCelebration, ContributorDashboardAccomplishments, AndroidBetaLandingPage, BlogPages

core/templates/pages/exploration-player-page/learner-experience/tutor-card.component.spec.ts(278,9): error TS2345: Argument of type '{ EndChapterCelebration: { isEnabled: false; }; }' is not assignable to parameter of type 'FeatureStatusChecker'.

  Type '{ EndChapterCelebration: { isEnabled: false; }; }' is missing the following properties from type 'FeatureStatusChecker': DummyFeature, CheckpointCelebration, ContributorDashboardAccomplishments, AndroidBetaLandingPage, BlogPages

core/templates/pages/exploration-player-page/services/answer-classification.service.ts(172,19): error TS2345: Argument of type 'Outcome | null' is not assignable to parameter of type 'Outcome'.

  Type 'null' is not assignable to type 'Outcome'.

core/templates/pages/exploration-player-page/services/exploration-engine.service.ts(50,11): error TS2564: Property '_explorationId' has no initializer and is not definitely assigned in the constructor.

core/templates/pages/exploration-player-page/services/exploration-engine.service.ts(51,11): error TS2564: Property '_editorPreviewMode' has no initializer and is not definitely assigned in the constructor.

core/templates/pages/exploration-player-page/services/exploration-engine.service.ts(52,11): error TS2564: Property '_questionPlayerMode' has no initializer and is not definitely assigned in the constructor.

core/templates/pages/exploration-player-page/services/exploration-engine.service.ts(59,3): error TS2564: Property 'exploration' has no initializer and is not definitely assigned in the constructor.

core/templates/pages/exploration-player-page/services/exploration-engine.service.ts(64,3): error TS2564: Property 'currentStateName' has no initializer and is not definitely assigned in the constructor.

core/templates/pages/exploration-player-page/services/exploration-engine.service.ts(65,3): error TS2564: Property 'nextStateName' has no initializer and is not definitely assigned in the constructor.

core/templates/pages/exploration-player-page/services/exploration-engine.service.ts(66,3): error TS2564: Property 'nextStateIfStuckName' has no initializer and is not definitely assigned in the constructor.

core/templates/pages/exploration-player-page/services/exploration-engine.service.ts(69,3): error TS2564: Property 'manualParamChanges' has no initializer and is not definitely assigned in the constructor.

core/templates/pages/exploration-player-page/services/exploration-engine.service.ts(70,3): error TS2564: Property 'initStateName' has no initializer and is not definitely assigned in the constructor.

core/templates/pages/exploration-player-page/services/exploration-engine.service.ts(71,3): error TS2564: Property 'version' has no initializer and is not definitely assigned in the constructor.

core/templates/pages/exploration-player-page/services/exploration-engine.service.ts(116,7): error TS2322: Type 'number | null' is not assignable to type 'number'.

  Type 'null' is not assignable to type 'number'.

core/templates/pages/exploration-player-page/services/exploration-engine.service.ts(176,11): error TS2322: Type 'string | undefined' is not assignable to type 'string'.

  Type 'undefined' is not assignable to type 'string'.

core/templates/pages/exploration-player-page/services/exploration-engine.service.ts(178,15): error TS2322: Type 'string | null' is not assignable to type 'string'.

  Type 'null' is not assignable to type 'string'.

core/templates/pages/exploration-player-page/services/exploration-engine.service.ts(180,15): error TS2345: Argument of type 'string | undefined' is not assignable to parameter of type 'string'.

  Type 'undefined' is not assignable to type 'string'.

core/templates/pages/exploration-player-page/services/exploration-engine.service.ts(189,11): error TS2345: Argument of type 'string[] | undefined' is not assignable to parameter of type 'string[]'.

  Type 'undefined' is not assignable to type 'string[]'.

core/templates/pages/exploration-player-page/services/exploration-engine.service.ts(197,5): error TS2322: Type 'null' is not assignable to type 'ExplorationParams'.

core/templates/pages/exploration-player-page/services/exploration-engine.service.ts(224,9): error TS2322: Type 'Interaction | null' is not assignable to type 'Interaction'.

  Type 'null' is not assignable to type 'Interaction'.

core/templates/pages/exploration-player-page/services/exploration-engine.service.ts(234,9): error TS2345: Argument of type 'AlgebraicExpressionInputCustomizationArgs | CodeReplCustomizationArgs | ContinueCustomizationArgs | ... 17 more ... | null' is not assignable to parameter of type 'InteractionCustomizationArgs'.

  Type 'null' is not assignable to type 'InteractionCustomizationArgs'.

core/templates/pages/exploration-player-page/services/exploration-engine.service.ts(253,44): error TS2345: Argument of type 'string | null' is not assignable to parameter of type 'string'.

  Type 'null' is not assignable to type 'string'.

core/templates/pages/exploration-player-page/services/exploration-engine.service.ts(265,42): error TS7006: Parameter 'paramName' implicitly has an 'any' type.

core/templates/pages/exploration-player-page/services/exploration-engine.service.ts(265,53): error TS7006: Parameter 'paramSpec' implicitly has an 'any' type.

core/templates/pages/exploration-player-page/services/exploration-engine.service.ts(266,7): error TS7053: Element implicitly has an 'any' type because expression of type 'any' can't be used to index type '{}'.

core/templates/pages/exploration-player-page/services/exploration-engine.service.ts(280,9): error TS2322: Type 'string | null' is not assignable to type 'string'.

  Type 'null' is not assignable to type 'string'.

core/templates/pages/exploration-player-page/services/exploration-engine.service.ts(285,7): error TS2345: Argument of type 'AlgebraicExpressionInputCustomizationArgs | CodeReplCustomizationArgs | ContinueCustomizationArgs | ... 17 more ... | null' is not assignable to parameter of type 'InteractionCustomizationArgs'.

  Type 'null' is not assignable to type 'InteractionCustomizationArgs'.

core/templates/pages/exploration-player-page/services/exploration-engine.service.ts(341,33): error TS2322: Type 'string | null' is not assignable to type 'string'.

  Type 'null' is not assignable to type 'string'.

core/templates/pages/exploration-player-page/services/exploration-engine.service.ts(352,35): error TS2345: Argument of type 'string | null' is not assignable to parameter of type 'string'.

  Type 'null' is not assignable to type 'string'.

core/templates/pages/exploration-player-page/services/exploration-engine.service.ts(362,9): error TS2345: Argument of type 'string | null' is not assignable to parameter of type 'string'.

  Type 'null' is not assignable to type 'string'.

core/templates/pages/exploration-player-page/services/exploration-engine.service.ts(365,9): error TS2345: Argument of type 'string | null' is not assignable to parameter of type 'string'.

  Type 'null' is not assignable to type 'string'.

core/templates/pages/exploration-player-page/services/exploration-engine.service.ts(376,39): error TS7051: Parameter has a name but no type. Did you mean 'arg0: StateCard'?

core/templates/pages/exploration-player-page/services/exploration-engine.service.ts(376,50): error TS7051: Parameter has a name but no type. Did you mean 'arg1: string'?

core/templates/pages/exploration-player-page/services/exploration-engine.service.ts(410,5): error TS2322: Type 'string[] | null' is not assignable to type 'string[]'.

  Type 'null' is not assignable to type 'string[]'.

core/templates/pages/exploration-player-page/services/exploration-engine.service.ts(440,7): error TS2322: Type 'undefined' is not assignable to type 'boolean'.

core/templates/pages/exploration-player-page/services/exploration-engine.service.ts(471,9): error TS2345: Argument of type 'number | null' is not assignable to parameter of type 'number'.

  Type 'null' is not assignable to type 'number'.

core/templates/pages/exploration-player-page/services/exploration-engine.service.ts(476,37): error TS2345: Argument of type 'string | null' is not assignable to parameter of type 'string'.

  Type 'null' is not assignable to type 'string'.

core/templates/pages/exploration-player-page/services/exploration-engine.service.ts(493,9): error TS2322: Type 'string | null' is not assignable to type 'string'.

  Type 'null' is not assignable to type 'string'.

core/templates/pages/exploration-player-page/services/exploration-engine.service.ts(499,7): error TS2322: Type 'undefined' is not assignable to type 'boolean'.

core/templates/pages/exploration-player-page/services/exploration-engine.service.ts(507,7): error TS2322: Type 'undefined' is not assignable to type 'boolean'.

core/templates/pages/exploration-player-page/services/exploration-engine.service.ts(517,7): error TS2322: Type 'undefined' is not assignable to type 'boolean'.

core/templates/pages/exploration-player-page/services/exploration-engine.service.ts(536,9): error TS2531: Object is possibly 'null'.

core/templates/pages/exploration-player-page/services/exploration-engine.service.ts(551,7): error TS2345: Argument of type 'Interaction | null' is not assignable to parameter of type 'Interaction'.

  Type 'null' is not assignable to type 'Interaction'.

core/templates/pages/exploration-player-page/services/exploration-engine.service.ts(573,11): error TS2531: Object is possibly 'null'.

core/templates/pages/exploration-player-page/services/exploration-engine.service.ts(587,9): error TS2345: Argument of type 'Interaction | null' is not assignable to parameter of type 'Interaction'.

  Type 'null' is not assignable to type 'Interaction'.

core/templates/pages/exploration-player-page/services/exploration-engine.service.ts(597,34): error TS2345: Argument of type 'string | null' is not assignable to parameter of type 'string'.

  Type 'null' is not assignable to type 'string'.

core/templates/pages/exploration-player-page/services/exploration-engine.service.ts(619,9): error TS2531: Object is possibly 'null'.

core/templates/pages/exploration-player-page/services/exploration-engine.service.ts(634,7): error TS2345: Argument of type 'Interaction | null' is not assignable to parameter of type 'Interaction'.

  Type 'null' is not assignable to type 'Interaction'.

core/templates/pages/exploration-player-page/services/exploration-engine.service.ts(675,5): error TS2322: Type 'null' is not assignable to type 'string'.

core/templates/pages/exploration-player-page/services/exploration-player-state.service.ts(59,3): error TS2564: Property 'currentEngineService' has no initializer and is not definitely assigned in the constructor.

core/templates/pages/exploration-player-page/services/exploration-player-state.service.ts(65,3): error TS2564: Property 'explorationMode' has no initializer and is not definitely assigned in the constructor.

core/templates/pages/exploration-player-page/services/exploration-player-state.service.ts(66,3): error TS2564: Property 'editorPreviewMode' has no initializer and is not definitely assigned in the constructor.

core/templates/pages/exploration-player-page/services/exploration-player-state.service.ts(67,3): error TS2564: Property 'questionPlayerMode' has no initializer and is not definitely assigned in the constructor.

core/templates/pages/exploration-player-page/services/exploration-player-state.service.ts(68,3): error TS2564: Property 'diagnosticTestPlayerMode' has no initializer and is not definitely assigned in the constructor.

core/templates/pages/exploration-player-page/services/exploration-player-state.service.ts(69,3): error TS2564: Property 'explorationId' has no initializer and is not definitely assigned in the constructor.

core/templates/pages/exploration-player-page/services/exploration-player-state.service.ts(70,3): error TS2564: Property 'version' has no initializer and is not definitely assigned in the constructor.

core/templates/pages/exploration-player-page/services/exploration-player-state.service.ts(71,3): error TS2564: Property 'storyUrlFragment' has no initializer and is not definitely assigned in the constructor.

core/templates/pages/exploration-player-page/services/exploration-player-state.service.ts(72,3): error TS2564: Property 'lastCompletedCheckpoint' has no initializer and is not definitely assigned in the constructor.

core/templates/pages/exploration-player-page/services/exploration-player-state.service.ts(131,31): error TS2345: Argument of type 'number | null' is not assignable to parameter of type 'number'.

  Type 'null' is not assignable to type 'number'.

core/templates/pages/exploration-player-page/services/exploration-player-state.service.ts(142,5): error TS2322: Type 'string | null' is not assignable to type 'string'.

  Type 'null' is not assignable to type 'string'.

core/templates/pages/exploration-player-page/services/exploration-player-state.service.ts(156,7): error TS2345: Argument of type 'string | null' is not assignable to parameter of type 'string'.

  Type 'null' is not assignable to type 'string'.

core/templates/pages/exploration-player-page/services/exploration-player-state.service.ts(201,16): error TS2683: 'this' implicitly has type 'any' because it does not have a type annotation.

core/templates/pages/exploration-player-page/services/exploration-player-state.service.ts(254,26): error TS2345: Argument of type 'null' is not assignable to parameter of type 'number'.

core/templates/pages/exploration-player-page/services/exploration-player-state.service.ts(431,9): error TS2345: Argument of type 'number | null' is not assignable to parameter of type 'number'.

  Type 'null' is not assignable to type 'number'.

core/templates/pages/exploration-player-page/services/exploration-player-state.service.ts(442,5): error TS2322: Type 'string | null' is not assignable to type 'string'.

  Type 'null' is not assignable to type 'string'.

core/templates/pages/exploration-player-page/services/question-player-engine.service.ts(44,11): error TS2322: Type 'null' is not assignable to type 'number'.

core/templates/pages/exploration-player-page/services/question-player-engine.service.ts(45,11): error TS2322: Type 'null' is not assignable to type 'number'.

core/templates/pages/exploration-player-page/services/question-player-engine.service.ts(91,42): error TS2345: Argument of type 'string | null' is not assignable to parameter of type 'string'.

  Type 'null' is not assignable to type 'string'.

core/templates/pages/exploration-player-page/services/question-player-engine.service.ts(117,9): error TS2345: Argument of type 'null' is not assignable to parameter of type 'string'.

core/templates/pages/exploration-player-page/services/question-player-engine.service.ts(135,7): error TS2345: Argument of type 'string | null' is not assignable to parameter of type 'string'.

  Type 'null' is not assignable to type 'string'.

core/templates/pages/exploration-player-page/services/question-player-engine.service.ts(163,7): error TS2722: Cannot invoke an object which is possibly 'undefined'.

core/templates/pages/exploration-player-page/services/question-player-engine.service.ts(166,47): error TS2345: Argument of type '(() => void) | undefined' is not assignable to parameter of type '() => void'.

  Type 'undefined' is not assignable to type '() => void'.

core/templates/pages/exploration-player-page/services/question-player-engine.service.ts(188,5): error TS2322: Type 'string | null' is not assignable to type 'string'.

  Type 'null' is not assignable to type 'string'.

core/templates/pages/exploration-player-page/services/question-player-engine.service.ts(227,11): error TS7006: Parameter 'refresherExplorationId' implicitly has an 'any' type.

core/templates/pages/exploration-player-page/services/question-player-engine.service.ts(228,11): error TS7006: Parameter 'missingPrerequisiteSkillId' implicitly has an 'any' type.

core/templates/pages/exploration-player-page/services/question-player-engine.service.ts(231,11): error TS7006: Parameter 'wasOldStateInitial' implicitly has an 'any' type.

core/templates/pages/exploration-player-page/services/question-player-engine.service.ts(232,11): error TS7006: Parameter 'isFirstHit' implicitly has an 'any' type.

core/templates/pages/exploration-player-page/services/question-player-engine.service.ts(237,7): error TS2322: Type 'undefined' is not assignable to type 'boolean'.

core/templates/pages/exploration-player-page/services/question-player-engine.service.ts(246,9): error TS2345: Argument of type 'null' is not assignable to parameter of type 'string'.

core/templates/pages/exploration-player-page/services/question-player-engine.service.ts(269,48): error TS2345: Argument of type 'string | null' is not assignable to parameter of type 'string'.

  Type 'null' is not assignable to type 'string'.

core/templates/pages/exploration-player-page/services/question-player-engine.service.ts(273,7): error TS2322: Type 'undefined' is not assignable to type 'boolean'.

core/templates/pages/exploration-player-page/services/question-player-engine.service.ts(289,7): error TS2322: Type 'undefined' is not assignable to type 'boolean'.

core/templates/pages/exploration-player-page/services/question-player-engine.service.ts(296,7): error TS7053: Element implicitly has an 'any' type because expression of type 'string' can't be used to index type '{ ImageClickInput: { can_have_solution: boolean; show_generic_submit_button: boolean; instructions: string; is_trainable: boolean; narrow_instructions: string; description: string; needs_summary: boolean; ... 8 more ...; rule_descriptions: { ...; }; }; ... 18 more ...; RatioExpressionInput: { ...; }; }'.

  No index signature with a parameter of type 'string' was found on type '{ ImageClickInput: { can_have_solution: boolean; show_generic_submit_button: boolean; instructions: string; is_trainable: boolean; narrow_instructions: string; description: string; needs_summary: boolean; ... 8 more ...; rule_descriptions: { ...; }; }; ... 18 more ...; RatioExpressionInput: { ...; }; }'.

core/templates/pages/exploration-player-page/services/question-player-engine.service.ts(319,9): error TS2345: Argument of type 'string | null' is not assignable to parameter of type 'string'.

  Type 'null' is not assignable to type 'string'.

core/templates/pages/exploration-player-page/services/question-player-engine.service.ts(324,7): error TS2345: Argument of type 'StateCard | null' is not assignable to parameter of type 'StateCard'.

  Type 'null' is not assignable to type 'StateCard'.

core/templates/pages/library-page/library-page.component.spec.ts(621,17): error TS7006: Parameter 'options' implicitly has an 'any' type.

core/templates/pages/library-page/library-page.component.spec.ts(679,17): error TS7006: Parameter 'options' implicitly has an 'any' type.

core/templates/pages/participation-playbook/playbook.component.spec.ts(105,7): error TS2739: Type '{ href: string; }' is missing the following properties from type '{ hash: string; hashChange: null; href: string; reload: (val: string) => string; }': hash, hashChange, reload

core/templates/pages/story-editor-page/services/story-editor-navigation.service.spec.ts(69,7): error TS2740: Type 'Pick<Location, "href" | "origin" | "search" | "hash" | "pathname">' is missing the following properties from type 'Location': ancestorOrigins, host, hostname, port, and 4 more.

core/templates/pages/story-editor-page/services/story-editor-navigation.service.spec.ts(81,9): error TS2322: Type 'Pick<Location, "href" | "origin" | "search" | "hash" | "pathname">' is not assignable to type 'Location'.

core/templates/pages/story-editor-page/services/story-editor-navigation.service.spec.ts(93,7): error TS2322: Type 'Pick<Location, "href" | "origin" | "search" | "hash" | "pathname">' is not assignable to type 'Location'.

core/templates/pages/story-editor-page/story-preview-tab/story-preview-tab.component.spec.ts(114,7): error TS2345: Argument of type '() => EventEmitter<void>' is not assignable to parameter of type '(this: StoryEditorStateService) => EventEmitter<string>'.

  Type 'EventEmitter<void>' is not assignable to type 'EventEmitter<string>'.

core/templates/pages/story-editor-page/story-preview-tab/story-preview-tab.component.spec.ts(118,7): error TS2345: Argument of type '() => EventEmitter<void>' is not assignable to parameter of type '(this: StoryEditorStateService) => EventEmitter<string>'.

  Type 'EventEmitter<void>' is not assignable to type 'EventEmitter<string>'.

core/templates/pages/story-viewer-page/story-viewer-page.component.spec.ts(110,7): error TS2740: Type '{ reload: () => void; href: string; }' is missing the following properties from type 'Location': ancestorOrigins, hash, host, hostname, and 7 more.

core/templates/services/autogenerated-audio-player.service.spec.ts(46,22): error TS2345: Argument of type '{ speaking: false; }' is not assignable to parameter of type 'SpeechSynthesis'.

  Type '{ speaking: false; }' is missing the following properties from type 'SpeechSynthesis': onvoiceschanged, paused, pending, cancel, and 7 more.

core/templates/services/autogenerated-audio-player.service.spec.ts(135,22): error TS2345: Argument of type '{ speaking: true; }' is not assignable to parameter of type 'SpeechSynthesis'.

  Type '{ speaking: true; }' is missing the following properties from type 'SpeechSynthesis': onvoiceschanged, paused, pending, cancel, and 7 more.

core/templates/services/contextual/device-info.service.spec.ts(41,69): error TS2740: Type '{ userAgent: string; }' is missing the following properties from type 'Navigator': activeVRDisplays, clipboard, credentials, doNotTrack, and 45 more.

core/templates/services/contextual/device-info.service.spec.ts(50,69): error TS2740: Type '{ userAgent: string; }' is missing the following properties from type 'Navigator': activeVRDisplays, clipboard, credentials, doNotTrack, and 45 more.

core/templates/services/contextual/url.service.spec.ts(46,7): error TS2322: Type 'Pick<Location, "href" | "origin" | "search" | "hash" | "pathname">' is not assignable to type 'Location'.

core/templates/services/contextual/window-dimensions.service.spec.ts(52,68): error TS2345: Argument of type 'null' is not assignable to parameter of type 'number'.

core/templates/services/contextual/window-dimensions.service.spec.ts(59,68): error TS2345: Argument of type 'null' is not assignable to parameter of type 'number'.

core/templates/services/contextual/window-dimensions.service.spec.ts(61,26): error TS2345: Argument of type 'null' is not assignable to parameter of type 'number'.

core/templates/services/contextual/window-dimensions.service.spec.ts(75,69): error TS2345: Argument of type 'null' is not assignable to parameter of type 'number'.

core/templates/services/contextual/window-dimensions.service.spec.ts(82,69): error TS2345: Argument of type 'null' is not assignable to parameter of type 'number'.

core/templates/services/contextual/window-dimensions.service.spec.ts(84,26): error TS2345: Argument of type 'null' is not assignable to parameter of type 'number'.

core/templates/services/keyboard-shortcut.service.spec.ts(96,62): error TS2345: Argument of type '{ location: { href: string; }; }' is not assignable to parameter of type 'Window'.

  Type '{ location: { href: string; }; }' is missing the following properties from type 'Window': applicationCache, clientInformation, closed, customElements, and 234 more.

core/templates/services/platform-feature.service.spec.ts(79,7): error TS2739: Type '{ getItem: (key: string) => string | null; setItem: (key: string, value: string) => string; removeItem: (key: string) => boolean; }' is missing the following properties from type 'Storage': length, clear, key

core/templates/services/platform-feature.service.spec.ts(84,7): error TS2740: Type '{ readonly cookie: string; }' is missing the following properties from type 'Document': URL, alinkColor, all, anchors, and 236 more.

core/templates/services/platform-feature.service.spec.ts(89,7): error TS2740: Type '{ readonly userAgent: string; }' is missing the following properties from type 'Navigator': activeVRDisplays, clipboard, credentials, doNotTrack, and 45 more.

core/templates/services/prevent-page-unload-event.service.spec.ts(81,69): error TS2345: Argument of type '{ addEventListener: (eventname: string, callback: () => {}) => void; location: { reload: (val?: boolean) => void; }; }' is not assignable to parameter of type 'Window'.

  Type '{ addEventListener: (eventname: string, callback: () => {}) => void; location: { reload: (val?: boolean) => void; }; }' is missing the following properties from type 'Window': applicationCache, clientInformation, closed, customElements, and 233 more.

core/templates/services/prevent-page-unload-event.service.spec.ts(112,69): error TS2345: Argument of type '{ addEventListener: (eventname: string, callback: () => {}) => void; location: { reload: (val?: boolean) => void; }; }' is not assignable to parameter of type 'Window'.

core/templates/services/prevent-page-unload-event.service.spec.ts(125,69): error TS2345: Argument of type '{ addEventListener: (eventname: string, callback: () => {}) => void; location: { reload: (val?: boolean) => void; }; }' is not assignable to parameter of type 'Window'.

extensions/interactions/ItemSelectionInput/directives/oppia-interactive-item-selection-input.component.spec.ts(191,11): error TS2345: Argument of type '{ classList: { add: () => void; remove: () => void; contains: (text: string) => boolean; }; }' is not assignable to parameter of type 'EventTarget'.

  Object literal may only specify known properties, and 'classList' does not exist in type 'EventTarget'.

extensions/interactions/ItemSelectionInput/directives/oppia-interactive-item-selection-input.component.spec.ts(249,11): error TS2345: Argument of type '{ classList: { add: () => void; remove: () => void; contains: (text: string) => boolean; }; }' is not assignable to parameter of type 'EventTarget'.

  Object literal may only specify known properties, and 'classList' does not exist in type 'EventTarget'.

extensions/interactions/interaction-attributes-extractor.service.ts(68,21): error TS7006: Parameter 'caSpec' implicitly has an 'any' type.

extensions/objects/templates/coord-two-dim-editor.component.spec.ts(96,12): error TS7006: Parameter 'txt' implicitly has an 'any' type.

272 Errors found during compilation.

